[2019-12-30T23:08:39.814] [ERROR] cheese - { request:
   { method: 'GET',
     url: '/',
     header:
      { host: 'localhost:8080',
        connection: 'keep-alive',
        'upgrade-insecure-requests': '1',
        'user-agent':
         'Mozilla/5.0 (Macintosh; Intel Mac OS X 10_13_6) AppleWebKit/537.36 (KHTML, like Gecko) Chrome/79.0.3945.88 Safari/537.36',
        'sec-fetch-user': '?1',
        accept:
         'text/html,application/xhtml+xml,application/xml;q=0.9,image/webp,image/apng,*/*;q=0.8,application/signed-exchange;v=b3;q=0.9',
        'sec-fetch-site': 'none',
        'sec-fetch-mode': 'navigate',
        'accept-encoding': 'gzip, deflate, br',
        'accept-language': 'zh-CN,zh;q=0.9' } },
  response:
   { status: 404,
     message: 'Not Found',
     header: [Object: null prototype] {} },
  app: { subdomainOffset: 2, proxy: false, env: 'development' },
  originalUrl: '/home',
  req: '<original node req>',
  res: '<original node res>',
  socket: '<original node socket>' }
[2019-12-30T23:08:40.765] [ERROR] cheese - { request:
   { method: 'GET',
     url: '/favicon.ico',
     header:
      { host: 'localhost:8080',
        connection: 'keep-alive',
        'user-agent':
         'Mozilla/5.0 (Macintosh; Intel Mac OS X 10_13_6) AppleWebKit/537.36 (KHTML, like Gecko) Chrome/79.0.3945.88 Safari/537.36',
        accept: 'image/webp,image/apng,image/*,*/*;q=0.8',
        'sec-fetch-site': 'same-origin',
        'sec-fetch-mode': 'no-cors',
        referer: 'http://localhost:8080/home',
        'accept-encoding': 'gzip, deflate, br',
        'accept-language': 'zh-CN,zh;q=0.9' } },
  response:
   { status: 404,
     message: 'Not Found',
     header: [Object: null prototype] {} },
  app: { subdomainOffset: 2, proxy: false, env: 'development' },
  originalUrl: '/favicon.ico',
  req: '<original node req>',
  res: '<original node res>',
  socket: '<original node socket>' }
[2019-12-31T08:52:16.562] [ERROR] cheese - { request:
   { method: 'GET',
     url: '/api/home',
     header:
      { 'accept-language': 'zh-CN,zh;q=0.9',
        'accept-encoding': 'gzip, deflate, br',
        referer: 'http://localhost:3000/',
        'sec-fetch-mode': 'cors',
        'sec-fetch-site': 'same-origin',
        'user-agent':
         'Mozilla/5.0 (Macintosh; Intel Mac OS X 10_13_6) AppleWebKit/537.36 (KHTML, like Gecko) Chrome/79.0.3945.88 Safari/537.36',
        accept: 'application/json, text/plain, */*',
        connection: 'close',
        host: 'localhost:3000' } },
  response:
   { status: 404,
     message: 'Not Found',
     header: [Object: null prototype] {} },
  app: { subdomainOffset: 2, proxy: false, env: 'development' },
  originalUrl: '/api/home',
  req: '<original node req>',
  res: '<original node res>',
  socket: '<original node socket>' }
[2019-12-31T08:52:25.319] [ERROR] cheese - { request:
   { method: 'GET',
     url: '/api/home',
     header:
      { 'accept-language': 'zh-CN,zh;q=0.9',
        'accept-encoding': 'gzip, deflate, br',
        referer: 'http://localhost:3000/',
        'sec-fetch-mode': 'cors',
        'sec-fetch-site': 'same-origin',
        'user-agent':
         'Mozilla/5.0 (Macintosh; Intel Mac OS X 10_13_6) AppleWebKit/537.36 (KHTML, like Gecko) Chrome/79.0.3945.88 Safari/537.36',
        accept: 'application/json, text/plain, */*',
        connection: 'close',
        host: 'localhost:3000' } },
  response:
   { status: 404,
     message: 'Not Found',
     header: [Object: null prototype] {} },
  app: { subdomainOffset: 2, proxy: false, env: 'development' },
  originalUrl: '/api/home',
  req: '<original node req>',
  res: '<original node res>',
  socket: '<original node socket>' }
[2019-12-31T08:53:01.085] [ERROR] cheese - { request:
   { method: 'GET',
     url: '/api/home',
     header:
      { host: 'localhost:8080',
        connection: 'keep-alive',
        'upgrade-insecure-requests': '1',
        'user-agent':
         'Mozilla/5.0 (Macintosh; Intel Mac OS X 10_13_6) AppleWebKit/537.36 (KHTML, like Gecko) Chrome/79.0.3945.88 Safari/537.36',
        'sec-fetch-user': '?1',
        accept:
         'text/html,application/xhtml+xml,application/xml;q=0.9,image/webp,image/apng,*/*;q=0.8,application/signed-exchange;v=b3;q=0.9',
        'sec-fetch-site': 'none',
        'sec-fetch-mode': 'navigate',
        'accept-encoding': 'gzip, deflate, br',
        'accept-language': 'zh-CN,zh;q=0.9' } },
  response:
   { status: 404,
     message: 'Not Found',
     header: [Object: null prototype] {} },
  app: { subdomainOffset: 2, proxy: false, env: 'development' },
  originalUrl: '/api/home',
  req: '<original node req>',
  res: '<original node res>',
  socket: '<original node socket>' }
[2019-12-31T22:52:43.425] [ERROR] cheese - { request:
   { method: 'GET',
     url: '/favicon.ico',
     header:
      { host: 'localhost:8080',
        connection: 'keep-alive',
        'user-agent':
         'Mozilla/5.0 (Macintosh; Intel Mac OS X 10_13_6) AppleWebKit/537.36 (KHTML, like Gecko) Chrome/79.0.3945.88 Safari/537.36',
        accept: 'image/webp,image/apng,image/*,*/*;q=0.8',
        'sec-fetch-site': 'same-origin',
        'sec-fetch-mode': 'no-cors',
        referer: 'http://localhost:8080/api/test',
        'accept-encoding': 'gzip, deflate, br',
        'accept-language': 'zh-CN,zh;q=0.9' } },
  response:
   { status: 404,
     message: 'Not Found',
     header: [Object: null prototype] {} },
  app: { subdomainOffset: 2, proxy: false, env: 'development' },
  originalUrl: '/favicon.ico',
  req: '<original node req>',
  res: '<original node res>',
  socket: '<original node socket>' }
[2019-12-31T22:54:49.546] [ERROR] cheese - TypeError: Cannot set property 'userStorage' of undefined
    at default_1 (/Users/guo/Project/myblog/src/server/service/IndexService.ts:8:24)
    at Object.resolve (/Users/guo/Project/myblog/node_modules/awilix/src/resolvers.ts:465:14)
    at resolve (/Users/guo/Project/myblog/node_modules/awilix/src/container.ts:493:31)
    at Object.get (/Users/guo/Project/myblog/node_modules/awilix/src/container.ts:241:30)
    at new IndexController (/Users/guo/Project/myblog/src/server/controller/IndexController.ts:9:18)
    at newClass (/Users/guo/Project/myblog/node_modules/awilix/src/resolvers.ts:200:20)
    at Object.resolve (/Users/guo/Project/myblog/node_modules/awilix/src/resolvers.ts:465:14)
    at Object.build (/Users/guo/Project/myblog/node_modules/awilix/src/container.ts:539:48)
    at memberInvoker (/Users/guo/Project/myblog/node_modules/awilix-koa/src/invokers.ts:94:39)
    at dispatch (/Users/guo/Project/myblog/node_modules/koa-compose/index.js:42:32)
[2019-12-31T23:04:26.672] [ERROR] cheese - { request:
   { method: 'GET',
     url: '/index.html',
     header:
      { host: 'localhost:8080',
        connection: 'keep-alive',
        'upgrade-insecure-requests': '1',
        'user-agent':
         'Mozilla/5.0 (Macintosh; Intel Mac OS X 10_13_6) AppleWebKit/537.36 (KHTML, like Gecko) Chrome/79.0.3945.88 Safari/537.36',
        'sec-fetch-user': '?1',
        accept:
         'text/html,application/xhtml+xml,application/xml;q=0.9,image/webp,image/apng,*/*;q=0.8,application/signed-exchange;v=b3;q=0.9',
        'sec-fetch-site': 'none',
        'sec-fetch-mode': 'navigate',
        'accept-encoding': 'gzip, deflate, br',
        'accept-language': 'zh-CN,zh;q=0.9' } },
  response:
   { status: 404,
     message: 'Not Found',
     header: [Object: null prototype] {} },
  app: { subdomainOffset: 2, proxy: false, env: 'development' },
  originalUrl: '/index.html',
  req: '<original node req>',
  res: '<original node res>',
  socket: '<original node socket>' }
[2019-12-31T23:04:36.892] [ERROR] cheese - { request:
   { method: 'GET',
     url: '/views/index.html',
     header:
      { host: 'localhost:8080',
        connection: 'keep-alive',
        'upgrade-insecure-requests': '1',
        'user-agent':
         'Mozilla/5.0 (Macintosh; Intel Mac OS X 10_13_6) AppleWebKit/537.36 (KHTML, like Gecko) Chrome/79.0.3945.88 Safari/537.36',
        'sec-fetch-user': '?1',
        accept:
         'text/html,application/xhtml+xml,application/xml;q=0.9,image/webp,image/apng,*/*;q=0.8,application/signed-exchange;v=b3;q=0.9',
        'sec-fetch-site': 'none',
        'sec-fetch-mode': 'navigate',
        'accept-encoding': 'gzip, deflate, br',
        'accept-language': 'zh-CN,zh;q=0.9' } },
  response:
   { status: 404,
     message: 'Not Found',
     header: [Object: null prototype] {} },
  app: { subdomainOffset: 2, proxy: false, env: 'development' },
  originalUrl: '/views/index.html',
  req: '<original node req>',
  res: '<original node res>',
  socket: '<original node socket>' }
[2019-12-31T23:04:44.756] [ERROR] cheese - { request:
   { method: 'GET',
     url: '/',
     header:
      { host: 'localhost:8080',
        connection: 'keep-alive',
        'upgrade-insecure-requests': '1',
        'user-agent':
         'Mozilla/5.0 (Macintosh; Intel Mac OS X 10_13_6) AppleWebKit/537.36 (KHTML, like Gecko) Chrome/79.0.3945.88 Safari/537.36',
        'sec-fetch-user': '?1',
        accept:
         'text/html,application/xhtml+xml,application/xml;q=0.9,image/webp,image/apng,*/*;q=0.8,application/signed-exchange;v=b3;q=0.9',
        'sec-fetch-site': 'none',
        'sec-fetch-mode': 'navigate',
        'accept-encoding': 'gzip, deflate, br',
        'accept-language': 'zh-CN,zh;q=0.9' } },
  response:
   { status: 404,
     message: 'Not Found',
     header: [Object: null prototype] {} },
  app: { subdomainOffset: 2, proxy: false, env: 'development' },
  originalUrl: '/views',
  req: '<original node req>',
  res: '<original node res>',
  socket: '<original node socket>' }
